<?xml version="1.0" encoding="UTF-8"?>
<!-- Generated by org.testng.reporters.JUnitReportReporter -->
<testsuite hostname="DESKTOP-QC8HORU" failures="0" tests="1" name="tests.LoginTest" time="14.862" errors="0" timestamp="2025-09-06T19:00:11 EEST" skipped="0">
  <testcase classname="tests.LoginTest" name="testValidLogin" time="14.862"/>
</testsuite> <!-- tests.LoginTest -->
